<?xml version="1.0" encoding="UTF-8"?>
<testsuite name="SolverTest" tests="1" skipped="0" failures="0" errors="0" timestamp="2020-02-12T16:48:59" hostname="Tobiass-MBP.fritz.box" time="0.115">
  <properties/>
  <testcase name="start" classname="SolverTest" time="0.115"/>
  <system-out><![CDATA[?[1;31m
Start test 1?[0m
>4 5 7
>3 9 9
0.8571428571428571 0.7142857142857143
?[1;31m
Start test 2?[0m
>1 2 3
>4 5 6
-1.0 2.0
?[1;31m
Start test 3?[0m
>1.2 3.4 5.6
>7.8 9.0 12.3
-0.5458015267175561 1.8396946564885492
?[1;31m
Start test 4?[0m
>23.21 32.12 65.43
>1 0 1
1.0000000000000002 1.3144458281444584
]]></system-out>
  <system-err><![CDATA[]]></system-err>
</testsuite>
