<?xml version="1.0" encoding="UTF-8"?>
<testsuite name="SolverTest" tests="1" skipped="0" failures="0" errors="0" timestamp="2020-02-12T16:41:42" hostname="Tobiass-MBP.fritz.box" time="0.092">
  <properties/>
  <testcase name="start" classname="SolverTest" time="0.092"/>
  <system-out><![CDATA[?[1;31m
Start test 1?[0m
>5 3
0.6
?[1;31m
Start test 2?[0m
>12 67
5.583333333333333
?[1;31m
Start test 3?[0m
>12 12
1.0
?[1;31m
Start test 4?[0m
>-1 1
-1.0
?[1;31m
Start test 5?[0m
>2 -3
-1.5
?[1;31m
Start test 6?[0m
>2.34 12.23
5.226495726495727
]]></system-out>
  <system-err><![CDATA[]]></system-err>
</testsuite>
